<?xml version="1.0" encoding="UTF-8"?>
<!-- Generated by org.testng.reporters.JUnitXMLReporter -->
<testsuite ignored="0" hostname="ip-172-31-33-114" failures="0" tests="6" name="Default test" time="15.101" errors="0" timestamp="2025-02-21T13:10:46 UTC">
  <testcase classname="com.app.Pizzahut.Pizzahut001" name="returnToBasket" time="0.014"/>
  <testcase classname="com.app.Pizzahut.Pizzahut001" name="setDeliveryLocation" time="0.76"/>
  <testcase classname="com.app.Pizzahut.Pizzahut001" name="selectSides" time="5.523"/>
  <testcase classname="com.app.Pizzahut.Pizzahut001" name="selectDrinks" time="4.255"/>
  <testcase classname="com.app.Pizzahut.Pizzahut001" name="performCheckOut" time="0.529"/>
  <testcase classname="com.app.Pizzahut.Pizzahut001" name="applyGiftCardPromo" time="3.881"/>
</testsuite> <!-- Default test -->
