<?xml version="1.0" encoding="UTF-8"?>
<testng-results ignored="0" total="6" passed="6" failed="0" skipped="0">
  <reporter-output>
  </reporter-output>
  <suite started-at="2025-02-21T13:10:31 UTC" name="Default suite" finished-at="2025-02-21T13:10:46 UTC" duration-ms="15101">
    <groups>
    </groups>
    <test started-at="2025-02-21T13:10:31 UTC" name="Default test" finished-at="2025-02-21T13:10:46 UTC" duration-ms="15101">
      <class name="com.app.Pizzahut.Pizzahut001">
        <test-method is-config="true" signature="setup()[pri:0, instance:com.app.Pizzahut.Pizzahut001@3feb2dda]" started-at="2025-02-21T13:10:22 UTC" name="setup" finished-at="2025-02-21T13:10:31 UTC" duration-ms="8596" status="PASS">
          <reporter-output>
          </reporter-output>
        </test-method> <!-- setup -->
        <test-method signature="returnToBasket()[pri:0, instance:com.app.Pizzahut.Pizzahut001@3feb2dda]" started-at="2025-02-21T13:10:31 UTC" name="returnToBasket" finished-at="2025-02-21T13:10:31 UTC" duration-ms="14" status="PASS">
          <reporter-output>
          </reporter-output>
        </test-method> <!-- returnToBasket -->
        <test-method signature="setDeliveryLocation()[pri:1, instance:com.app.Pizzahut.Pizzahut001@3feb2dda]" started-at="2025-02-21T13:10:31 UTC" name="setDeliveryLocation" finished-at="2025-02-21T13:10:32 UTC" duration-ms="760" status="PASS">
          <reporter-output>
          </reporter-output>
        </test-method> <!-- setDeliveryLocation -->
        <test-method signature="selectSides()[pri:2, instance:com.app.Pizzahut.Pizzahut001@3feb2dda]" started-at="2025-02-21T13:10:32 UTC" name="selectSides" finished-at="2025-02-21T13:10:37 UTC" duration-ms="5523" status="PASS">
          <reporter-output>
          </reporter-output>
        </test-method> <!-- selectSides -->
        <test-method signature="selectDrinks()[pri:3, instance:com.app.Pizzahut.Pizzahut001@3feb2dda]" started-at="2025-02-21T13:10:37 UTC" name="selectDrinks" finished-at="2025-02-21T13:10:41 UTC" duration-ms="4255" status="PASS">
          <reporter-output>
          </reporter-output>
        </test-method> <!-- selectDrinks -->
        <test-method signature="performCheckOut()[pri:4, instance:com.app.Pizzahut.Pizzahut001@3feb2dda]" started-at="2025-02-21T13:10:41 UTC" name="performCheckOut" finished-at="2025-02-21T13:10:42 UTC" duration-ms="529" status="PASS">
          <reporter-output>
          </reporter-output>
        </test-method> <!-- performCheckOut -->
        <test-method signature="applyGiftCardPromo()[pri:5, instance:com.app.Pizzahut.Pizzahut001@3feb2dda]" started-at="2025-02-21T13:10:42 UTC" name="applyGiftCardPromo" finished-at="2025-02-21T13:10:46 UTC" duration-ms="3881" status="PASS">
          <reporter-output>
          </reporter-output>
        </test-method> <!-- applyGiftCardPromo -->
        <test-method is-config="true" signature="tearDown()[pri:0, instance:com.app.Pizzahut.Pizzahut001@3feb2dda]" started-at="2025-02-21T13:10:46 UTC" name="tearDown" finished-at="2025-02-21T13:10:46 UTC" duration-ms="156" status="PASS">
          <reporter-output>
          </reporter-output>
        </test-method> <!-- tearDown -->
      </class> <!-- com.app.Pizzahut.Pizzahut001 -->
    </test> <!-- Default test -->
  </suite> <!-- Default suite -->
</testng-results>
